2018-07-09T08:59:23.498Z - normal: Load ~/.CocosCreator/settings.json
2018-07-09T08:59:23.504Z - normal: checking language setting...
2018-07-09T08:59:23.510Z - normal: Language: zh
2018-07-09T08:59:26.185Z - success: protocol editor-framework registered
2018-07-09T08:59:26.185Z - success: protocol app registered
2018-07-09T08:59:26.185Z - success: protocol theme registered
2018-07-09T08:59:26.185Z - success: protocol packages registered
2018-07-09T08:59:26.185Z - success: protocol unpack registerred
2018-07-09T08:59:26.186Z - success: protocol disable-commonjs registerred
2018-07-09T08:59:26.239Z - normal: connected!
2018-07-09T08:59:26.241Z - normal: Check project C:\Users\A\Desktop\aircraft_7.9\aircraft
2018-07-09T08:59:26.255Z - normal: Initializing Cocos2d
2018-07-09T08:59:26.950Z - normal: Initializing Asset Database
2018-07-09T08:59:27.030Z - success: protocol uuid registerred
2018-07-09T08:59:27.030Z - success: protocol db registerred
2018-07-09T08:59:27.030Z - success: protocol thumbnail registerred
2018-07-09T08:59:27.031Z - normal: Loading editor/builtin packages
2018-07-09T08:59:27.069Z - success: anysdk loaded
2018-07-09T08:59:27.258Z - success: assets loaded
2018-07-09T08:59:27.261Z - success: builder loaded
2018-07-09T08:59:27.265Z - success: cocos-analytics loaded
2018-07-09T08:59:27.269Z - success: console loaded
2018-07-09T08:59:27.332Z - success: fb-instant-games loaded
2018-07-09T08:59:27.337Z - success: hierarchy loaded
2018-07-09T08:59:27.341Z - success: inspector loaded
2018-07-09T08:59:27.343Z - success: keystore loaded
2018-07-09T08:59:27.347Z - success: node-library loaded
2018-07-09T08:59:27.350Z - success: package-asset loaded
2018-07-09T08:59:27.353Z - success: preferences loaded
2018-07-09T08:59:27.356Z - success: project-exporter loaded
2018-07-09T08:59:27.379Z - success: project-importer loaded
2018-07-09T08:59:27.383Z - success: project-settings loaded
2018-07-09T08:59:27.387Z - success: ui-kit loaded
2018-07-09T08:59:27.389Z - success: ui-grid loaded
2018-07-09T08:59:27.394Z - success: scene loaded
2018-07-09T08:59:27.396Z - success: sprite-editor loaded
2018-07-09T08:59:27.400Z - success: store loaded
2018-07-09T08:59:27.413Z - success: timeline loaded
2018-07-09T08:59:27.414Z - normal: Loading builtin packages
2018-07-09T08:59:27.418Z - success: asset-db-debugger loaded
2018-07-09T08:59:27.420Z - success: code-editor loaded
2018-07-09T08:59:27.422Z - success: color-picker loaded
2018-07-09T08:59:27.425Z - success: package-manager loaded
2018-07-09T08:59:27.429Z - success: qqplay-adapter loaded
2018-07-09T08:59:27.435Z - success: sdkbox loaded
2018-07-09T08:59:27.439Z - success: tester loaded
2018-07-09T08:59:27.441Z - success: ui-kit-preview-extra loaded
2018-07-09T08:59:27.444Z - success: ui-kit-preview loaded
2018-07-09T08:59:27.447Z - success: ui-tree loaded
2018-07-09T08:59:27.448Z - success: weapp-adapter loaded
2018-07-09T08:59:29.305Z - normal: Initializing project C:\Users\A\Desktop\aircraft_7.9\aircraft
2018-07-09T08:59:29.310Z - normal: Loading packages
2018-07-09T08:59:29.319Z - normal: Watching packages
2018-07-09T08:59:30.020Z - normal: Run Application
2018-07-09T08:59:32.161Z - success: preview server running at http://localhost:7456
2018-07-09T08:59:41.494Z - normal: 1.9.2
2018-07-09T08:59:43.905Z - normal: ScaleX != ScaleY. Don't know which one to return
2018-07-09T08:59:43.905Z - normal: ScaleX != ScaleY. Don't know which one to return
2018-07-09T08:59:43.905Z - normal: ScaleX != ScaleY. Don't know which one to return
2018-07-09T09:01:45.586Z - normal: Start building with options : {
  "androidStudio": true,
  "apiLevel": "",
  "appABIs": [],
  "appKey": "",
  "appSecret": "",
  "buildPath": "C:\\Users\\A\\Desktop\\aircraft_7.9\\aircraft\\build",
  "debug": false,
  "dest": "C:\\Users\\A\\Desktop\\aircraft_7.9\\aircraft\\build\\wechatgame",
  "encryptJs": true,
  "excludeScenes": [],
  "excludedModules": [],
  "fb-instant-games": {},
  "includeAnySDK": false,
  "includeEruda": false,
  "includeSDKBox": false,
  "inlineSpriteFrames": true,
  "inlineSpriteFrames_native": true,
  "jailbreakPlatform": false,
  "md5Cache": false,
  "mergeStartScene": false,
  "oauthLoginServer": "",
  "optimizeHotUpdate": false,
  "orientation": {
    "landscapeLeft": false,
    "landscapeRight": false,
    "portrait": true,
    "upsideDown": false
  },
  "packageName": "org.xxdafa.aircrafwar",
  "platform": "wechatgame",
  "previewHeight": "720",
  "previewWidth": "1280",
  "privateKey": "",
  "qqplay": {
    "REMOTE_SERVER_ROOT": "",
    "orientation": "portrait"
  },
  "renderMode": "1",
  "scenes": [
    "2d2f792f-a40c-49bb-a189-ed176a246e49",
    "b2280733-4857-43c7-8f25-6f40c8ea5c6b",
    "54de3c84-52fa-4b60-937d-dc0d4cc5c0d5",
    "f894eefe-bad7-43ed-8bd5-94cf2147d772"
  ],
  "sourceMaps": false,
  "startScene": "2d2f792f-a40c-49bb-a189-ed176a246e49",
  "template": "link",
  "title": "AircraftWar",
  "useDebugKeystore": true,
  "vsVersion": "auto",
  "webOrientation": "portrait",
  "wechatgame": {
    "REMOTE_SERVER_ROOT": "",
    "appid": "wxea1b77ad51e69ae2",
    "isSubdomain": false,
    "orientation": "portrait",
    "subContext": ""
  },
  "xxteaKey": "435ad06d-05b8-4d",
  "zipCompressJs": true,
  "project": "C:\\Users\\A\\Desktop\\aircraft_7.9\\aircraft",
  "projectName": "AircraftWar",
  "debugBuildWorker": false
}
2018-07-09T09:01:45.590Z - normal: Building C:\Users\A\Desktop\aircraft_7.9\aircraft
2018-07-09T09:01:45.590Z - normal: Destination C:\Users\A\Desktop\aircraft_7.9\aircraft\build\wechatgame
2018-07-09T09:01:46.156Z - normal: Delete C:\Users\A\Desktop\aircraft_7.9\aircraft\build\wechatgame\**\*
2018-07-09T09:01:50.585Z - normal: Compiled project javascript file successfully
2018-07-09T09:01:50.586Z - normal: Start building assets
2018-07-09T09:01:50.586Z - normal: Start spawn build-worker
2018-07-09T09:01:51.853Z - normal: Finish spawn build-worker
2018-07-09T09:01:51.853Z - normal: Start init build-worker
2018-07-09T09:01:56.005Z - normal: 1.9.2
2018-07-09T09:01:56.279Z - normal: Finish init build-worker
2018-07-09T09:01:56.280Z - normal: Start build-assets in worker
2018-07-09T09:01:58.858Z - normal: Finish build-assets in worker
2018-07-09T09:01:58.872Z - normal: Finish building assets
2018-07-09T09:01:59.067Z - normal: Start building raw assets
2018-07-09T09:01:59.069Z - normal: Start building plugin scripts
2018-07-09T09:01:59.298Z - normal: Finish building raw assets
2018-07-09T09:01:59.333Z - normal: Generating main.js from C:\CocosCreator\resources\static\build-templates\shares\main.js
2018-07-09T09:02:01.949Z - normal: Built to "C:\Users\A\Desktop\aircraft_7.9\aircraft\build\wechatgame" successfully
2018-07-09T09:02:07.569Z - warn: 找不到微信开发程序版本信息路径 [C:\Program Files (x86)\Tencent\微信web开发者工具\package.nw\package.json]。
2018-07-09T09:02:07.569Z - warn: 微信开发程序版本过低，不能享用所有功能，请尽快升级。
2018-07-09T09:02:08.519Z - normal: Initializing...

2018-07-09T09:02:08.531Z - normal: idePortFile: C:\Users\A\AppData\Local\微信web开发者工具\User Data\Default\.ide

2018-07-09T09:02:09.562Z - normal: starting ide...

2018-07-09T09:02:15.484Z - normal: IDE server has started, listening on http://127.0.0.1:23400
initialization finished

2018-07-09T09:02:15.891Z - error: StatusCodeError: 400 - "{\"code\":40000,\"error\":\"错误 {\\\"code\\\":400003,\\\"error\\\":\\\"已存在相同 AppID 和 projectname 的项目（路径），请修改后重试\\\"}\"}"

    at Socket.<anonymous> (C:\CocosCreator\resources\app.asar\editor\core\wechat-game.js:1:1302)
    at emitOne (events.js:96:13)
    at Socket.emit (events.js:191:7)
    at readableAddChunk (_stream_readable.js:178:18)
    at Socket.Readable.push (_stream_readable.js:136:10)
    at Pipe.onread (net.js:560:20)
2018-07-09T09:02:34.714Z - warn: 找不到微信开发程序版本信息路径 [C:\Program Files (x86)\Tencent\微信web开发者工具\package.nw\package.json]。
2018-07-09T09:02:34.714Z - warn: 微信开发程序版本过低，不能享用所有功能，请尽快升级。
2018-07-09T09:02:35.587Z - normal: Initializing...

2018-07-09T09:02:35.598Z - normal: idePortFile: C:\Users\A\AppData\Local\微信web开发者工具\User Data\Default\.ide

2018-07-09T09:02:35.635Z - normal: IDE server has started, listening on http://127.0.0.1:23400

2018-07-09T09:02:35.635Z - normal: initialization finished

2018-07-09T09:02:36.079Z - normal: open IDE success

2018-07-09T09:48:25.157Z - info: shutdown preview server
